-------------------------------------------------------------------------------
Test set: com.hospital.authservice.factory.UserFactoryTest
-------------------------------------------------------------------------------
Tests run: 6, Failures: 2, Errors: 3, Skipped: 0, Time elapsed: 0.605 s <<< FAILURE! -- in com.hospital.authservice.factory.UserFactoryTest
com.hospital.authservice.factory.UserFactoryTest.testGetSupportedUserTypes -- Time elapsed: 0.445 s <<< FAILURE!
org.opentest4j.AssertionFailedError: expected: <3> but was: <0>
	at org.junit.jupiter.api.AssertionFailureBuilder.build(AssertionFailureBuilder.java:151)
	at org.junit.jupiter.api.AssertionFailureBuilder.buildAndThrow(AssertionFailureBuilder.java:132)
	at org.junit.jupiter.api.AssertEquals.failNotEqual(AssertEquals.java:197)
	at org.junit.jupiter.api.AssertEquals.assertEquals(AssertEquals.java:150)
	at org.junit.jupiter.api.AssertEquals.assertEquals(AssertEquals.java:145)
	at org.junit.jupiter.api.Assertions.assertEquals(Assertions.java:531)
	at com.hospital.authservice.factory.UserFactoryTest.testGetSupportedUserTypes(UserFactoryTest.java:109)
	at java.base/java.lang.reflect.Method.invoke(Method.java:580)
	at java.base/java.util.ArrayList.forEach(ArrayList.java:1596)
	at java.base/java.util.ArrayList.forEach(ArrayList.java:1596)

com.hospital.authservice.factory.UserFactoryTest.testCreateAdminUser -- Time elapsed: 0.070 s <<< ERROR!
java.lang.IllegalArgumentException: Tipo de usuario no soportado: ADMIN
	at com.hospital.authservice.factory.UserFactory.createUser(UserFactory.java:43)
	at com.hospital.authservice.factory.UserFactoryTest.testCreateAdminUser(UserFactoryTest.java:58)
	at java.base/java.lang.reflect.Method.invoke(Method.java:580)
	at java.base/java.util.ArrayList.forEach(ArrayList.java:1596)
	at java.base/java.util.ArrayList.forEach(ArrayList.java:1596)

com.hospital.authservice.factory.UserFactoryTest.testCreatePacienteUser -- Time elapsed: 0.013 s <<< ERROR!
java.lang.IllegalArgumentException: Tipo de usuario no soportado: PACIENTE
	at com.hospital.authservice.factory.UserFactory.createUser(UserFactory.java:43)
	at com.hospital.authservice.factory.UserFactoryTest.testCreatePacienteUser(UserFactoryTest.java:88)
	at java.base/java.lang.reflect.Method.invoke(Method.java:580)
	at java.base/java.util.ArrayList.forEach(ArrayList.java:1596)
	at java.base/java.util.ArrayList.forEach(ArrayList.java:1596)

com.hospital.authservice.factory.UserFactoryTest.testIsSupportedUserType -- Time elapsed: 0.010 s <<< FAILURE!
org.opentest4j.AssertionFailedError: expected: <true> but was: <false>
	at org.junit.jupiter.api.AssertionFailureBuilder.build(AssertionFailureBuilder.java:151)
	at org.junit.jupiter.api.AssertionFailureBuilder.buildAndThrow(AssertionFailureBuilder.java:132)
	at org.junit.jupiter.api.AssertTrue.failNotTrue(AssertTrue.java:63)
	at org.junit.jupiter.api.AssertTrue.assertTrue(AssertTrue.java:36)
	at org.junit.jupiter.api.AssertTrue.assertTrue(AssertTrue.java:31)
	at org.junit.jupiter.api.Assertions.assertTrue(Assertions.java:183)
	at com.hospital.authservice.factory.UserFactoryTest.testIsSupportedUserType(UserFactoryTest.java:119)
	at java.base/java.lang.reflect.Method.invoke(Method.java:580)
	at java.base/java.util.ArrayList.forEach(ArrayList.java:1596)
	at java.base/java.util.ArrayList.forEach(ArrayList.java:1596)

com.hospital.authservice.factory.UserFactoryTest.testCreateprofesionalUser -- Time elapsed: 0.010 s <<< ERROR!
java.lang.IllegalArgumentException: Tipo de usuario no soportado: PROFESIONAL
	at com.hospital.authservice.factory.UserFactory.createUser(UserFactory.java:43)
	at com.hospital.authservice.factory.UserFactoryTest.testCreateprofesionalUser(UserFactoryTest.java:73)
	at java.base/java.lang.reflect.Method.invoke(Method.java:580)
	at java.base/java.util.ArrayList.forEach(ArrayList.java:1596)
	at java.base/java.util.ArrayList.forEach(ArrayList.java:1596)

