-------------------------------------------------------------------------------
Test set: com.hospital.authservice.factory.TutorUserTest
-------------------------------------------------------------------------------
Tests run: 14, Failures: 1, Errors: 1, Skipped: 0, Time elapsed: 0.278 s <<< FAILURE! -- in com.hospital.authservice.factory.TutorUserTest
com.hospital.authservice.factory.TutorUserTest.testCrearUsuarioPersonaFields -- Time elapsed: 0.002 s <<< FAILURE!
org.opentest4j.AssertionFailedError: expected: java.lang.String@2ba7828b<1975-03-20> but was: java.time.LocalDate@3e6945c6<1975-03-20>
	at org.junit.jupiter.api.AssertionFailureBuilder.build(AssertionFailureBuilder.java:151)
	at org.junit.jupiter.api.AssertionFailureBuilder.buildAndThrow(AssertionFailureBuilder.java:132)
	at org.junit.jupiter.api.AssertEquals.failNotEqual(AssertEquals.java:197)
	at org.junit.jupiter.api.AssertEquals.assertEquals(AssertEquals.java:182)
	at org.junit.jupiter.api.AssertEquals.assertEquals(AssertEquals.java:177)
	at org.junit.jupiter.api.Assertions.assertEquals(Assertions.java:1145)
	at com.hospital.authservice.factory.TutorUserTest.testCrearUsuarioPersonaFields(TutorUserTest.java:210)
	at java.base/java.lang.reflect.Method.invoke(Method.java:580)
	at java.base/java.util.ArrayList.forEach(ArrayList.java:1596)
	at java.base/java.util.ArrayList.forEach(ArrayList.java:1596)

com.hospital.authservice.factory.TutorUserTest.testCrearUsuarioEmptyPacientesRuts -- Time elapsed: 0.006 s <<< ERROR!
org.mockito.exceptions.misusing.UnnecessaryStubbingException: 

Unnecessary stubbings detected.
Clean & maintainable test code requires zero unnecessary code.
Following stubbings are unnecessary (click to navigate to relevant line of code):
  1. -> at com.hospital.authservice.factory.TutorUserTest.testCrearUsuarioEmptyPacientesRuts(TutorUserTest.java:119)
Please remove unnecessary stubbings or use 'lenient' strictness. More info: javadoc for UnnecessaryStubbingException class.
	at org.mockito.junit.jupiter.MockitoExtension.afterEach(MockitoExtension.java:192)
	at java.base/java.util.ArrayList.forEach(ArrayList.java:1596)
	at java.base/java.util.ArrayList.forEach(ArrayList.java:1596)

