<?xml version="1.0" encoding="UTF-8"?>
<testsuite xmlns:xsi="http://www.w3.org/2001/XMLSchema-instance" xsi:noNamespaceSchemaLocation="https://maven.apache.org/surefire/maven-surefire-plugin/xsd/surefire-test-report-3.0.xsd" version="3.0" name="com.hospital.authservice.controller.AuthControllerTest" time="0.012" tests="11" errors="0" skipped="11" failures="0">
  <properties/>
  <testcase name="testLogoutBadRequest" classname="com.hospital.authservice.controller.AuthControllerTest" time="0.0">
    <skipped message="class com.hospital.authservice.controller.AuthControllerTest is @Disabled"/>
  </testcase>
  <testcase name="testLoginSuccess" classname="com.hospital.authservice.controller.AuthControllerTest" time="0.0">
    <skipped message="class com.hospital.authservice.controller.AuthControllerTest is @Disabled"/>
  </testcase>
  <testcase name="testLoginUnauthorized" classname="com.hospital.authservice.controller.AuthControllerTest" time="0.0">
    <skipped message="class com.hospital.authservice.controller.AuthControllerTest is @Disabled"/>
  </testcase>
  <testcase name="testRegisterBadRequest" classname="com.hospital.authservice.controller.AuthControllerTest" time="0.0">
    <skipped message="class com.hospital.authservice.controller.AuthControllerTest is @Disabled"/>
  </testcase>
  <testcase name="testRefreshTokenUnauthorized" classname="com.hospital.authservice.controller.AuthControllerTest" time="0.0">
    <skipped message="class com.hospital.authservice.controller.AuthControllerTest is @Disabled"/>
  </testcase>
  <testcase name="testLogoutSuccess" classname="com.hospital.authservice.controller.AuthControllerTest" time="0.0">
    <skipped message="class com.hospital.authservice.controller.AuthControllerTest is @Disabled"/>
  </testcase>
  <testcase name="testValidateTokenInvalid" classname="com.hospital.authservice.controller.AuthControllerTest" time="0.0">
    <skipped message="class com.hospital.authservice.controller.AuthControllerTest is @Disabled"/>
  </testcase>
  <testcase name="testValidateTokenSuccess" classname="com.hospital.authservice.controller.AuthControllerTest" time="0.0">
    <skipped message="class com.hospital.authservice.controller.AuthControllerTest is @Disabled"/>
  </testcase>
  <testcase name="testHealthCheck" classname="com.hospital.authservice.controller.AuthControllerTest" time="0.0">
    <skipped message="class com.hospital.authservice.controller.AuthControllerTest is @Disabled"/>
  </testcase>
  <testcase name="testRefreshTokenSuccess" classname="com.hospital.authservice.controller.AuthControllerTest" time="0.0">
    <skipped message="class com.hospital.authservice.controller.AuthControllerTest is @Disabled"/>
  </testcase>
  <testcase name="testRegisterSuccess" classname="com.hospital.authservice.controller.AuthControllerTest" time="0.0">
    <skipped message="class com.hospital.authservice.controller.AuthControllerTest is @Disabled"/>
  </testcase>
</testsuite>